<?xml version="1.0" encoding="UTF-8"?>
<testng-results ignored="0" total="1" passed="1" failed="0" skipped="0">
  <reporter-output>
    <line>
      <![CDATA[Demo Website Link is clicked]]>
    </line>
    <line>
      <![CDATA[Input Form tab is clicked]]>
    </line>
    <line>
      <![CDATA[Input Form Submit Link is clicked]]>
    </line>
    <line>
      <![CDATA[Demo Website Link is clicked]]>
    </line>
    <line>
      <![CDATA[First Name Field is entered with FN1]]>
    </line>
    <line>
      <![CDATA[Last Name Field is entered with LN1]]>
    </line>
    <line>
      <![CDATA[Email Field is entered with fn1@ln1.com]]>
    </line>
    <line>
      <![CDATA[Phone Number Field is entered with 9830828302]]>
    </line>
    <line>
      <![CDATA[State Dropdown is selected with California]]>
    </line>
    <line>
      <![CDATA[Page has been scrolled down until Yes Radio Button visible on UI]]>
    </line>
    <line>
      <![CDATA[Selenium Easy Iamge is clicked]]>
    </line>
    <line>
      <![CDATA[Input Form tab is clicked]]>
    </line>
    <line>
      <![CDATA[Input Form Submit Link is clicked]]>
    </line>
    <line>
      <![CDATA[First Name Field is entered with FN1]]>
    </line>
    <line>
      <![CDATA[Last Name Field is entered with LN1]]>
    </line>
    <line>
      <![CDATA[Email Field is entered with fn1@ln1.com]]>
    </line>
    <line>
      <![CDATA[Phone Number Field is entered with 9830828302]]>
    </line>
    <line>
      <![CDATA[State Dropdown is selected with California]]>
    </line>
    <line>
      <![CDATA[Page has been scrolled down until Yes Radio Button visible on UI]]>
    </line>
    <line>
      <![CDATA[Selenium Easy Iamge is clicked]]>
    </line>
  </reporter-output>
  <suite started-at="2020-01-30T19:50:36 IST" name="Suite" finished-at="2020-01-30T19:51:44 IST" duration-ms="68430">
    <groups>
    </groups>
    <test started-at="2020-01-30T19:50:36 IST" name="ChromeTest" finished-at="2020-01-30T19:51:44 IST" duration-ms="68430">
      <class name="com.seleniumeasy.DriverScript.DriverScript">
        <test-method is-config="true" signature="browserLaunch(java.lang.String)[pri:0, instance:com.seleniumeasy.DriverScript.DriverScript@1e730495]" started-at="2020-01-30T19:50:36 IST" name="browserLaunch" finished-at="2020-01-30T19:51:17 IST" duration-ms="41750" status="PASS">
          <params>
            <param index="0">
              <value>
                <![CDATA[Chrome]]>
              </value>
            </param>
          </params>
          <reporter-output>
          </reporter-output>
        </test-method> <!-- browserLaunch -->
        <test-method is-config="true" signature="initObjects()[pri:0, instance:com.seleniumeasy.DriverScript.DriverScript@1e730495]" started-at="2020-01-30T19:51:17 IST" name="initObjects" finished-at="2020-01-30T19:51:17 IST" duration-ms="2" status="PASS">
          <reporter-output>
          </reporter-output>
        </test-method> <!-- initObjects -->
        <test-method signature="sampleFormTest(java.lang.String, java.lang.String, java.lang.String, java.lang.String, java.lang.String)[pri:0, instance:com.seleniumeasy.DriverScript.DriverScript@1e730495]" started-at="2020-01-30T19:51:17 IST" name="sampleFormTest" data-provider="SubmitFormData" finished-at="2020-01-30T19:51:34 IST" duration-ms="16793" status="PASS">
          <params>
            <param index="0">
              <value>
                <![CDATA[FN1]]>
              </value>
            </param>
            <param index="1">
              <value>
                <![CDATA[LN1]]>
              </value>
            </param>
            <param index="2">
              <value>
                <![CDATA[fn1@ln1.com]]>
              </value>
            </param>
            <param index="3">
              <value>
                <![CDATA[9830828302]]>
              </value>
            </param>
            <param index="4">
              <value>
                <![CDATA[California]]>
              </value>
            </param>
          </params>
          <reporter-output>
            <line>
              <![CDATA[Demo Website Link is clicked]]>
            </line>
            <line>
              <![CDATA[Input Form tab is clicked]]>
            </line>
            <line>
              <![CDATA[Input Form Submit Link is clicked]]>
            </line>
            <line>
              <![CDATA[First Name Field is entered with FN1]]>
            </line>
            <line>
              <![CDATA[Last Name Field is entered with LN1]]>
            </line>
            <line>
              <![CDATA[Email Field is entered with fn1@ln1.com]]>
            </line>
            <line>
              <![CDATA[Phone Number Field is entered with 9830828302]]>
            </line>
            <line>
              <![CDATA[State Dropdown is selected with California]]>
            </line>
            <line>
              <![CDATA[Page has been scrolled down until Yes Radio Button visible on UI]]>
            </line>
            <line>
              <![CDATA[Selenium Easy Iamge is clicked]]>
            </line>
          </reporter-output>
        </test-method> <!-- sampleFormTest -->
        <test-method is-config="true" signature="browserClose()[pri:0, instance:com.seleniumeasy.DriverScript.DriverScript@1e730495]" started-at="2020-01-30T19:51:34 IST" name="browserClose" finished-at="2020-01-30T19:51:44 IST" duration-ms="9778" status="PASS">
          <reporter-output>
          </reporter-output>
        </test-method> <!-- browserClose -->
      </class> <!-- com.seleniumeasy.DriverScript.DriverScript -->
    </test> <!-- ChromeTest -->
  </suite> <!-- Suite -->
</testng-results>
